<?xml version="1.0" encoding="UTF-8"?>
<!-- Generated by org.testng.reporters.JUnitXMLReporter -->
<testsuite hostname="nithi-22537" failures="0" tests="6" name="Default test" time="27.927" errors="0" timestamp="7 Oct 2025 11:41:42 GMT">
  <testcase classname="com.SampleTest" name="loadMeetingPage" time="10.628"/>
  <testcase classname="com.SampleTest" name="startMeeting" time="5.404"/>
  <testcase classname="com.SampleTest" name="muteVideo" time="1.398"/>
  <testcase classname="com.SampleTest" name="muteAudio" time="1.439"/>
  <testcase classname="com.SampleTest" name="startScreenshare" time="6.491"/>
  <testcase classname="com.SampleTest" name="endMeeting" time="0.231"/>
</testsuite> <!-- Default test -->
