<?xml version="1.0" encoding="UTF-8"?>
<testng-results total="6" passed="6" failed="0" skipped="0">
  <reporter-output>
  </reporter-output>
  <suite started-at="2025-10-07T11:41:14Z" name="Default suite" finished-at="2025-10-07T11:41:42Z" duration-ms="27927">
    <groups>
    </groups>
    <test started-at="2025-10-07T11:41:14Z" name="Default test" finished-at="2025-10-07T11:41:42Z" duration-ms="27927">
      <class name="com.SampleTest">
        <test-method is-config="true" signature="initializeLink()[pri:0, instance:com.SampleTest@194fad1]" started-at="2025-10-07T17:11:14Z" name="initializeLink" finished-at="2025-10-07T17:11:14Z" duration-ms="2" status="PASS">
          <reporter-output>
          </reporter-output>
        </test-method> <!-- initializeLink -->
        <test-method is-config="true" signature="setup()[pri:0, instance:com.SampleTest@194fad1]" started-at="2025-10-07T17:11:14Z" name="setup" finished-at="2025-10-07T17:11:17Z" duration-ms="2321" status="PASS">
          <reporter-output>
          </reporter-output>
        </test-method> <!-- setup -->
        <test-method signature="loadMeetingPage()[pri:0, instance:com.SampleTest@194fad1]" started-at="2025-10-07T17:11:17Z" name="loadMeetingPage" finished-at="2025-10-07T17:11:27Z" duration-ms="10628" status="PASS">
          <reporter-output>
          </reporter-output>
        </test-method> <!-- loadMeetingPage -->
        <test-method signature="startMeeting()[pri:0, instance:com.SampleTest@194fad1]" started-at="2025-10-07T17:11:27Z" name="startMeeting" finished-at="2025-10-07T17:11:33Z" depends-on-methods="com.SampleTest.loadMeetingPage" duration-ms="5404" status="PASS">
          <reporter-output>
          </reporter-output>
        </test-method> <!-- startMeeting -->
        <test-method signature="muteVideo()[pri:0, instance:com.SampleTest@194fad1]" started-at="2025-10-07T17:11:33Z" name="muteVideo" finished-at="2025-10-07T17:11:34Z" depends-on-methods="com.SampleTest.startMeeting" duration-ms="1398" status="PASS">
          <reporter-output>
          </reporter-output>
        </test-method> <!-- muteVideo -->
        <test-method signature="muteAudio()[pri:0, instance:com.SampleTest@194fad1]" started-at="2025-10-07T17:11:34Z" name="muteAudio" finished-at="2025-10-07T17:11:36Z" depends-on-methods="com.SampleTest.startMeeting" duration-ms="1439" status="PASS">
          <reporter-output>
          </reporter-output>
        </test-method> <!-- muteAudio -->
        <test-method signature="startScreenshare()[pri:0, instance:com.SampleTest@194fad1]" started-at="2025-10-07T17:11:36Z" name="startScreenshare" finished-at="2025-10-07T17:11:42Z" depends-on-methods="com.SampleTest.startMeeting" duration-ms="6491" status="PASS">
          <reporter-output>
          </reporter-output>
        </test-method> <!-- startScreenshare -->
        <test-method signature="endMeeting()[pri:0, instance:com.SampleTest@194fad1]" started-at="2025-10-07T17:11:42Z" name="endMeeting" finished-at="2025-10-07T17:11:42Z" depends-on-methods="com.SampleTest.startMeeting" duration-ms="231" status="PASS">
          <reporter-output>
          </reporter-output>
        </test-method> <!-- endMeeting -->
      </class> <!-- com.SampleTest -->
    </test> <!-- Default test -->
  </suite> <!-- Default suite -->
</testng-results>
