<?xml version="1.0" encoding="UTF-8"?>
<testng-results total="6" passed="6" failed="0" skipped="0">
  <reporter-output>
  </reporter-output>
  <suite started-at="2025-10-07T11:19:56Z" name="Default suite" finished-at="2025-10-07T11:20:24Z" duration-ms="27676">
    <groups>
    </groups>
    <test started-at="2025-10-07T11:19:56Z" name="Default test" finished-at="2025-10-07T11:20:24Z" duration-ms="27676">
      <class name="com.SampleTest">
        <test-method is-config="true" signature="initializeLink()[pri:0, instance:com.SampleTest@194fad1]" started-at="2025-10-07T16:49:56Z" name="initializeLink" finished-at="2025-10-07T16:49:56Z" duration-ms="2" status="PASS">
          <reporter-output>
          </reporter-output>
        </test-method> <!-- initializeLink -->
        <test-method is-config="true" signature="setup()[pri:0, instance:com.SampleTest@194fad1]" started-at="2025-10-07T16:49:56Z" name="setup" finished-at="2025-10-07T16:49:59Z" duration-ms="2668" status="PASS">
          <reporter-output>
          </reporter-output>
        </test-method> <!-- setup -->
        <test-method signature="loadMeetingPage()[pri:0, instance:com.SampleTest@194fad1]" started-at="2025-10-07T16:49:59Z" name="loadMeetingPage" finished-at="2025-10-07T16:50:09Z" duration-ms="9746" status="PASS">
          <reporter-output>
          </reporter-output>
        </test-method> <!-- loadMeetingPage -->
        <test-method signature="startMeeting()[pri:0, instance:com.SampleTest@194fad1]" started-at="2025-10-07T16:50:09Z" name="startMeeting" finished-at="2025-10-07T16:50:14Z" depends-on-methods="com.SampleTest.loadMeetingPage" duration-ms="5641" status="PASS">
          <reporter-output>
          </reporter-output>
        </test-method> <!-- startMeeting -->
        <test-method signature="muteVideo()[pri:0, instance:com.SampleTest@194fad1]" started-at="2025-10-07T16:50:14Z" name="muteVideo" finished-at="2025-10-07T16:50:16Z" depends-on-methods="com.SampleTest.startMeeting" duration-ms="1396" status="PASS">
          <reporter-output>
          </reporter-output>
        </test-method> <!-- muteVideo -->
        <test-method signature="muteAudio()[pri:0, instance:com.SampleTest@194fad1]" started-at="2025-10-07T16:50:16Z" name="muteAudio" finished-at="2025-10-07T16:50:17Z" depends-on-methods="com.SampleTest.startMeeting" duration-ms="1442" status="PASS">
          <reporter-output>
          </reporter-output>
        </test-method> <!-- muteAudio -->
        <test-method signature="startScreenshare()[pri:0, instance:com.SampleTest@194fad1]" started-at="2025-10-07T16:50:17Z" name="startScreenshare" finished-at="2025-10-07T16:50:24Z" depends-on-methods="com.SampleTest.startMeeting" duration-ms="6507" status="PASS">
          <reporter-output>
          </reporter-output>
        </test-method> <!-- startScreenshare -->
        <test-method signature="endMeeting()[pri:0, instance:com.SampleTest@194fad1]" started-at="2025-10-07T16:50:24Z" name="endMeeting" finished-at="2025-10-07T16:50:24Z" depends-on-methods="com.SampleTest.startMeeting" duration-ms="240" status="PASS">
          <reporter-output>
          </reporter-output>
        </test-method> <!-- endMeeting -->
      </class> <!-- com.SampleTest -->
    </test> <!-- Default test -->
  </suite> <!-- Default suite -->
</testng-results>
