<?xml version="1.0" encoding="UTF-8"?>
<!-- Generated by org.testng.reporters.JUnitReportReporter -->
<testsuite hostname="nithi-22537" failures="2" tests="2" name="com.DemoTest" time="10.081" errors="0" timestamp="7 Oct 2025 05:21:35 GMT">
  <testcase classname="com.DemoTest" name="startMeeting" time="10.081">
    <failure message="Error {
  message=&#039;ReferenceError: ZRSmartConferenceImpl is not defined
    at eval (eval at evaluate (:226:30), &lt;anonymous&gt;:1:45)
    at UtilityScript.evaluate (&lt;anonymous&gt;:233:19)
    at UtilityScript.&lt;anonymous&gt; (&lt;anonymous&gt;:1:44)
  name=&#039;Error
  stack=&#039;Error: ReferenceError: ZRSmartConferenceImpl is not defined
    at eval (eval at evaluate (:226:30), &lt;anonymous&gt;:1:45)
    at UtilityScript.evaluate (&lt;anonymous&gt;:233:19)
    at UtilityScript.&lt;anonymous&gt; (&lt;anonymous&gt;:1:44)
    at CRExecutionContext.evaluateWithArguments (/private/var/folders/q3/mx6bpsq92szbyzy5l3cnq6kh0000gp/T/playwright-java-17003026624014830559/package/lib/server/chromium/crExecutionContext.js:92:33)
    at async LongStandingScope._race (/private/var/folders/q3/mx6bpsq92szbyzy5l3cnq6kh0000gp/T/playwright-java-17003026624014830559/package/lib/utils/manualPromise.js:96:14)
    at async Object.evaluateExpression (/private/var/folders/q3/mx6bpsq92szbyzy5l3cnq6kh0000gp/T/playwright-java-17003026624014830559/package/lib/server/javascript.js:241:12)
    at async Frame.evaluateExpression (/private/var/folders/q3/mx6bpsq92szbyzy5l3cnq6kh0000gp/T/playwright-java-17003026624014830559/package/lib/server/frames.js:598:19)
    at async FrameDispatcher.evaluateExpression (/private/var/folders/q3/mx6bpsq92szbyzy5l3cnq6kh0000gp/T/playwright-java-17003026624014830559/package/lib/server/dispatchers/frameDispatcher.js:91:55)
    at async LongStandingScope._race (/private/var/folders/q3/mx6bpsq92szbyzy5l3cnq6kh0000gp/T/playwright-java-17003026624014830559/package/lib/utils/manualPromise.js:96:14)
    at async FrameDispatcher._handleCommand (/private/var/folders/q3/mx6bpsq92szbyzy5l3cnq6kh0000gp/T/playwright-java-17003026624014830559/package/lib/server/dispatchers/dispatcher.js:96:14)
    at async DispatcherConnection.dispatch (/private/var/folders/q3/mx6bpsq92szbyzy5l3cnq6kh0000gp/T/playwright-java-17003026624014830559/package/lib/server/dispatchers/dispatcher.js:361:22)
}" type="com.microsoft.playwright.PlaywrightException">
      <![CDATA[com.microsoft.playwright.PlaywrightException: Error {
  message='ReferenceError: ZRSmartConferenceImpl is not defined
    at eval (eval at evaluate (:226:30), <anonymous>:1:45)
    at UtilityScript.evaluate (<anonymous>:233:19)
    at UtilityScript.<anonymous> (<anonymous>:1:44)
  name='Error
  stack='Error: ReferenceError: ZRSmartConferenceImpl is not defined
    at eval (eval at evaluate (:226:30), <anonymous>:1:45)
    at UtilityScript.evaluate (<anonymous>:233:19)
    at UtilityScript.<anonymous> (<anonymous>:1:44)
    at CRExecutionContext.evaluateWithArguments (/private/var/folders/q3/mx6bpsq92szbyzy5l3cnq6kh0000gp/T/playwright-java-17003026624014830559/package/lib/server/chromium/crExecutionContext.js:92:33)
    at async LongStandingScope._race (/private/var/folders/q3/mx6bpsq92szbyzy5l3cnq6kh0000gp/T/playwright-java-17003026624014830559/package/lib/utils/manualPromise.js:96:14)
    at async Object.evaluateExpression (/private/var/folders/q3/mx6bpsq92szbyzy5l3cnq6kh0000gp/T/playwright-java-17003026624014830559/package/lib/server/javascript.js:241:12)
    at async Frame.evaluateExpression (/private/var/folders/q3/mx6bpsq92szbyzy5l3cnq6kh0000gp/T/playwright-java-17003026624014830559/package/lib/server/frames.js:598:19)
    at async FrameDispatcher.evaluateExpression (/private/var/folders/q3/mx6bpsq92szbyzy5l3cnq6kh0000gp/T/playwright-java-17003026624014830559/package/lib/server/dispatchers/frameDispatcher.js:91:55)
    at async LongStandingScope._race (/private/var/folders/q3/mx6bpsq92szbyzy5l3cnq6kh0000gp/T/playwright-java-17003026624014830559/package/lib/utils/manualPromise.js:96:14)
    at async FrameDispatcher._handleCommand (/private/var/folders/q3/mx6bpsq92szbyzy5l3cnq6kh0000gp/T/playwright-java-17003026624014830559/package/lib/server/dispatchers/dispatcher.js:96:14)
    at async DispatcherConnection.dispatch (/private/var/folders/q3/mx6bpsq92szbyzy5l3cnq6kh0000gp/T/playwright-java-17003026624014830559/package/lib/server/dispatchers/dispatcher.js:361:22)
}
	at com.microsoft.playwright.impl.WaitableResult.get(WaitableResult.java:56)
	at com.microsoft.playwright.impl.ChannelOwner.runUntil(ChannelOwner.java:120)
	at com.microsoft.playwright.impl.Connection.sendMessage(Connection.java:130)
	at com.microsoft.playwright.impl.ChannelOwner.sendMessage(ChannelOwner.java:106)
	at com.microsoft.playwright.impl.FrameImpl.evaluateImpl(FrameImpl.java:304)
	at com.microsoft.playwright.impl.PageImpl.lambda$evaluate$23(PageImpl.java:717)
	at com.microsoft.playwright.impl.LoggingSupport.withLogging(LoggingSupport.java:47)
	at com.microsoft.playwright.impl.ChannelOwner.withLogging(ChannelOwner.java:89)
	at com.microsoft.playwright.impl.PageImpl.evaluate(PageImpl.java:717)
	at com.microsoft.playwright.Page.evaluate(Page.java:4463)
	at com.DemoTest.startMeeting(DemoTest.java:48)
	at java.base/jdk.internal.reflect.DirectMethodHandleAccessor.invoke(DirectMethodHandleAccessor.java:103)
	at java.base/java.lang.reflect.Method.invoke(Method.java:580)
	at org.testng.internal.MethodInvocationHelper.invokeMethod(MethodInvocationHelper.java:84)
	at org.testng.internal.Invoker.invokeMethod(Invoker.java:714)
	at org.testng.internal.Invoker.invokeTestMethod(Invoker.java:901)
	at org.testng.internal.Invoker.invokeTestMethods(Invoker.java:1231)
	at org.testng.internal.TestMethodWorker.invokeTestMethods(TestMethodWorker.java:127)
	at org.testng.internal.TestMethodWorker.run(TestMethodWorker.java:111)
	at org.testng.TestRunner.privateRun(TestRunner.java:767)
	at org.testng.TestRunner.run(TestRunner.java:617)
	at org.testng.SuiteRunner.runTest(SuiteRunner.java:348)
	at org.testng.SuiteRunner.runSequentially(SuiteRunner.java:343)
	at org.testng.SuiteRunner.privateRun(SuiteRunner.java:305)
	at org.testng.SuiteRunner.run(SuiteRunner.java:254)
	at org.testng.SuiteRunnerWorker.runSuite(SuiteRunnerWorker.java:52)
	at org.testng.SuiteRunnerWorker.run(SuiteRunnerWorker.java:86)
	at org.testng.TestNG.runSuitesSequentially(TestNG.java:1224)
	at org.testng.TestNG.runSuitesLocally(TestNG.java:1149)
	at org.testng.TestNG.run(TestNG.java:1057)
	at org.testng.remote.AbstractRemoteTestNG.run(AbstractRemoteTestNG.java:115)
	at org.testng.remote.RemoteTestNG.initAndRun(RemoteTestNG.java:293)
	at org.testng.remote.RemoteTestNG.main(RemoteTestNG.java:91)
Caused by: com.microsoft.playwright.impl.DriverException: Error {
  message='ReferenceError: ZRSmartConferenceImpl is not defined
    at eval (eval at evaluate (:226:30), <anonymous>:1:45)
    at UtilityScript.evaluate (<anonymous>:233:19)
    at UtilityScript.<anonymous> (<anonymous>:1:44)
  name='Error
  stack='Error: ReferenceError: ZRSmartConferenceImpl is not defined
    at eval (eval at evaluate (:226:30), <anonymous>:1:45)
    at UtilityScript.evaluate (<anonymous>:233:19)
    at UtilityScript.<anonymous> (<anonymous>:1:44)
    at CRExecutionContext.evaluateWithArguments (/private/var/folders/q3/mx6bpsq92szbyzy5l3cnq6kh0000gp/T/playwright-java-17003026624014830559/package/lib/server/chromium/crExecutionContext.js:92:33)
    at async LongStandingScope._race (/private/var/folders/q3/mx6bpsq92szbyzy5l3cnq6kh0000gp/T/playwright-java-17003026624014830559/package/lib/utils/manualPromise.js:96:14)
    at async Object.evaluateExpression (/private/var/folders/q3/mx6bpsq92szbyzy5l3cnq6kh0000gp/T/playwright-java-17003026624014830559/package/lib/server/javascript.js:241:12)
    at async Frame.evaluateExpression (/private/var/folders/q3/mx6bpsq92szbyzy5l3cnq6kh0000gp/T/playwright-java-17003026624014830559/package/lib/server/frames.js:598:19)
    at async FrameDispatcher.evaluateExpression (/private/var/folders/q3/mx6bpsq92szbyzy5l3cnq6kh0000gp/T/playwright-java-17003026624014830559/package/lib/server/dispatchers/frameDispatcher.js:91:55)
    at async LongStandingScope._race (/private/var/folders/q3/mx6bpsq92szbyzy5l3cnq6kh0000gp/T/playwright-java-17003026624014830559/package/lib/utils/manualPromise.js:96:14)
    at async FrameDispatcher._handleCommand (/private/var/folders/q3/mx6bpsq92szbyzy5l3cnq6kh0000gp/T/playwright-java-17003026624014830559/package/lib/server/dispatchers/dispatcher.js:96:14)
    at async DispatcherConnection.dispatch (/private/var/folders/q3/mx6bpsq92szbyzy5l3cnq6kh0000gp/T/playwright-java-17003026624014830559/package/lib/server/dispatchers/dispatcher.js:361:22)
}
	at com.microsoft.playwright.impl.Connection.dispatch(Connection.java:259)
	at com.microsoft.playwright.impl.Connection.processOneMessage(Connection.java:211)
	at com.microsoft.playwright.impl.ChannelOwner.runUntil(ChannelOwner.java:118)
	... 31 more
]]>
    </failure>
  </testcase> <!-- startMeeting -->
  <testcase classname="com.DemoTest" name="userJoinWithDefaultSetting" time="0.000"/>
</testsuite> <!-- com.DemoTest -->
