<?xml version="1.0" encoding="UTF-8"?>
<!-- Generated by org.testng.reporters.JUnitReportReporter -->
<testsuite hostname="nithi-22537" failures="0" tests="6" name="com.SampleTest" time="24.972" errors="0" timestamp="7 Oct 2025 11:20:24 GMT">
  <testcase classname="com.SampleTest" name="loadMeetingPage" time="9.746"/>
  <testcase classname="com.SampleTest" name="endMeeting" time="0.240"/>
  <testcase classname="com.SampleTest" name="startMeeting" time="5.641"/>
  <testcase classname="com.SampleTest" name="muteAudio" time="1.442"/>
  <testcase classname="com.SampleTest" name="muteVideo" time="1.396"/>
  <testcase classname="com.SampleTest" name="startScreenshare" time="6.507"/>
</testsuite> <!-- com.SampleTest -->
